<?xml version="1.0" encoding="UTF-8"?>
<coverage generated="1549890914217" clover="3.2.0">
  <project timestamp="1549890914217" name="All files">
    <metrics statements="46" coveredstatements="34" conditionals="33" coveredconditionals="21" methods="18" coveredmethods="11" elements="97" coveredelements="66" complexity="0" loc="46" ncloc="46" packages="1" files="5" classes="5"/>
    <file name="configFunctions.js" path="/Users/wesleyramalho/Desktop/Projects/request-handler/configFunctions.js">
      <metrics statements="22" coveredstatements="16" conditionals="19" coveredconditionals="11" methods="6" coveredmethods="5"/>
      <line num="12" count="1" type="stmt"/>
      <line num="13" count="2" type="cond" truecount="2" falsecount="0"/>
      <line num="14" count="1" type="stmt"/>
      <line num="17" count="1" type="stmt"/>
      <line num="18" count="2" type="cond" truecount="2" falsecount="0"/>
      <line num="19" count="1" type="stmt"/>
      <line num="22" count="1" type="stmt"/>
      <line num="23" count="1" type="stmt"/>
      <line num="24" count="1" type="stmt"/>
      <line num="27" count="1" type="stmt"/>
      <line num="28" count="2" type="cond" truecount="2" falsecount="0"/>
      <line num="29" count="1" type="stmt"/>
      <line num="32" count="1" type="stmt"/>
      <line num="33" count="4" type="cond" truecount="5" falsecount="0"/>
      <line num="34" count="1" type="stmt"/>
      <line num="37" count="1" type="stmt"/>
      <line num="47" count="0" type="stmt"/>
      <line num="48" count="0" type="stmt"/>
      <line num="49" count="0" type="stmt"/>
      <line num="50" count="0" type="stmt"/>
      <line num="51" count="0" type="stmt"/>
      <line num="52" count="0" type="stmt"/>
    </file>
    <file name="constants.js" path="/Users/wesleyramalho/Desktop/Projects/request-handler/constants.js">
      <metrics statements="2" coveredstatements="2" conditionals="0" coveredconditionals="0" methods="0" coveredmethods="0"/>
      <line num="1" count="1" type="stmt"/>
      <line num="2" count="1" type="stmt"/>
    </file>
    <file name="interceptors.js" path="/Users/wesleyramalho/Desktop/Projects/request-handler/interceptors.js">
      <metrics statements="8" coveredstatements="2" conditionals="4" coveredconditionals="0" methods="6" coveredmethods="0"/>
      <line num="10" count="1" type="stmt"/>
      <line num="15" count="0" type="stmt"/>
      <line num="18" count="0" type="stmt"/>
      <line num="22" count="0" type="stmt"/>
      <line num="27" count="1" type="stmt"/>
      <line num="32" count="0" type="stmt"/>
      <line num="35" count="0" type="stmt"/>
      <line num="39" count="0" type="stmt"/>
    </file>
    <file name="requestHandlers.js" path="/Users/wesleyramalho/Desktop/Projects/request-handler/requestHandlers.js">
      <metrics statements="10" coveredstatements="10" conditionals="5" coveredconditionals="5" methods="4" coveredmethods="4"/>
      <line num="3" count="2" type="cond" truecount="1" falsecount="0"/>
      <line num="5" count="2" type="stmt"/>
      <line num="7" count="1" type="stmt"/>
      <line num="9" count="2" type="cond" truecount="1" falsecount="0"/>
      <line num="11" count="2" type="stmt"/>
      <line num="12" count="2" type="stmt"/>
      <line num="13" count="2" type="cond" truecount="2" falsecount="0"/>
      <line num="14" count="1" type="stmt"/>
      <line num="15" count="1" type="stmt"/>
      <line num="21" count="1" type="stmt"/>
    </file>
    <file name="utils.js" path="/Users/wesleyramalho/Desktop/Projects/request-handler/utils.js">
      <metrics statements="4" coveredstatements="4" conditionals="5" coveredconditionals="5" methods="2" coveredmethods="2"/>
      <line num="1" count="5" type="stmt"/>
      <line num="3" count="3" type="stmt"/>
      <line num="4" count="4" type="cond" truecount="5" falsecount="0"/>
      <line num="5" count="2" type="stmt"/>
    </file>
  </project>
</coverage>
