{"C:\\Users\\Wesley\\Desktop\\Projetos\\ianes\\configFunctions.js": {"path":"C:\\Users\\Wesley\\Desktop\\Projetos\\ianes\\configFunctions.js","statementMap":{"0":{"start":{"line":12,"column":26},"end":{"line":15,"column":1}},"1":{"start":{"line":13,"column":2},"end":{"line":13,"column":24}},"2":{"start":{"line":13,"column":12},"end":{"line":13,"column":24}},"3":{"start":{"line":14,"column":2},"end":{"line":14,"column":40}},"4":{"start":{"line":17,"column":38},"end":{"line":20,"column":1}},"5":{"start":{"line":18,"column":2},"end":{"line":18,"column":26}},"6":{"start":{"line":18,"column":14},"end":{"line":18,"column":26}},"7":{"start":{"line":19,"column":2},"end":{"line":19,"column":66}},"8":{"start":{"line":22,"column":40},"end":{"line":25,"column":1}},"9":{"start":{"line":23,"column":2},"end":{"line":23,"column":56}},"10":{"start":{"line":24,"column":2},"end":{"line":24,"column":56}},"11":{"start":{"line":27,"column":37},"end":{"line":30,"column":1}},"12":{"start":{"line":28,"column":2},"end":{"line":28,"column":32}},"13":{"start":{"line":28,"column":20},"end":{"line":28,"column":32}},"14":{"start":{"line":29,"column":2},"end":{"line":29,"column":69}},"15":{"start":{"line":32,"column":33},"end":{"line":35,"column":1}},"16":{"start":{"line":33,"column":2},"end":{"line":33,"column":80}},"17":{"start":{"line":33,"column":68},"end":{"line":33,"column":80}},"18":{"start":{"line":34,"column":2},"end":{"line":34,"column":44}},"19":{"start":{"line":37,"column":30},"end":{"line":53,"column":1}},"20":{"start":{"line":47,"column":2},"end":{"line":47,"column":21}},"21":{"start":{"line":48,"column":2},"end":{"line":48,"column":35}},"22":{"start":{"line":49,"column":2},"end":{"line":49,"column":44}},"23":{"start":{"line":50,"column":2},"end":{"line":50,"column":36}},"24":{"start":{"line":51,"column":2},"end":{"line":51,"column":74}},"25":{"start":{"line":52,"column":2},"end":{"line":52,"column":73}}},"fnMap":{"0":{"name":"(anonymous_0)","decl":{"start":{"line":12,"column":26},"end":{"line":12,"column":27}},"loc":{"start":{"line":12,"column":33},"end":{"line":15,"column":1}},"line":12},"1":{"name":"(anonymous_1)","decl":{"start":{"line":17,"column":38},"end":{"line":17,"column":39}},"loc":{"start":{"line":17,"column":47},"end":{"line":20,"column":1}},"line":17},"2":{"name":"(anonymous_2)","decl":{"start":{"line":22,"column":40},"end":{"line":22,"column":41}},"loc":{"start":{"line":22,"column":46},"end":{"line":25,"column":1}},"line":22},"3":{"name":"(anonymous_3)","decl":{"start":{"line":27,"column":37},"end":{"line":27,"column":38}},"loc":{"start":{"line":27,"column":52},"end":{"line":30,"column":1}},"line":27},"4":{"name":"(anonymous_4)","decl":{"start":{"line":32,"column":33},"end":{"line":32,"column":34}},"loc":{"start":{"line":32,"column":44},"end":{"line":35,"column":1}},"line":32},"5":{"name":"(anonymous_5)","decl":{"start":{"line":37,"column":30},"end":{"line":37,"column":31}},"loc":{"start":{"line":46,"column":6},"end":{"line":53,"column":1}},"line":46}},"branchMap":{"0":{"loc":{"start":{"line":13,"column":2},"end":{"line":13,"column":24}},"type":"if","locations":[{"start":{"line":13,"column":2},"end":{"line":13,"column":24}},{"start":{"line":13,"column":2},"end":{"line":13,"column":24}}],"line":13},"1":{"loc":{"start":{"line":18,"column":2},"end":{"line":18,"column":26}},"type":"if","locations":[{"start":{"line":18,"column":2},"end":{"line":18,"column":26}},{"start":{"line":18,"column":2},"end":{"line":18,"column":26}}],"line":18},"2":{"loc":{"start":{"line":28,"column":2},"end":{"line":28,"column":32}},"type":"if","locations":[{"start":{"line":28,"column":2},"end":{"line":28,"column":32}},{"start":{"line":28,"column":2},"end":{"line":28,"column":32}}],"line":28},"3":{"loc":{"start":{"line":33,"column":2},"end":{"line":33,"column":80}},"type":"if","locations":[{"start":{"line":33,"column":2},"end":{"line":33,"column":80}},{"start":{"line":33,"column":2},"end":{"line":33,"column":80}}],"line":33},"4":{"loc":{"start":{"line":33,"column":6},"end":{"line":33,"column":66}},"type":"binary-expr","locations":[{"start":{"line":33,"column":6},"end":{"line":33,"column":14}},{"start":{"line":33,"column":18},"end":{"line":33,"column":36}},{"start":{"line":33,"column":40},"end":{"line":33,"column":66}}],"line":33},"5":{"loc":{"start":{"line":38,"column":2},"end":{"line":38,"column":13}},"type":"default-arg","locations":[{"start":{"line":38,"column":11},"end":{"line":38,"column":13}}],"line":38},"6":{"loc":{"start":{"line":39,"column":2},"end":{"line":39,"column":15}},"type":"default-arg","locations":[{"start":{"line":39,"column":13},"end":{"line":39,"column":15}}],"line":39},"7":{"loc":{"start":{"line":40,"column":2},"end":{"line":40,"column":43}},"type":"default-arg","locations":[{"start":{"line":40,"column":23},"end":{"line":40,"column":43}}],"line":40},"8":{"loc":{"start":{"line":41,"column":2},"end":{"line":41,"column":34}},"type":"default-arg","locations":[{"start":{"line":41,"column":19},"end":{"line":41,"column":34}}],"line":41},"9":{"loc":{"start":{"line":42,"column":2},"end":{"line":42,"column":69}},"type":"default-arg","locations":[{"start":{"line":42,"column":33},"end":{"line":42,"column":69}}],"line":42},"10":{"loc":{"start":{"line":43,"column":2},"end":{"line":43,"column":49}},"type":"default-arg","locations":[{"start":{"line":43,"column":23},"end":{"line":43,"column":49}}],"line":43},"11":{"loc":{"start":{"line":44,"column":2},"end":{"line":44,"column":59}},"type":"default-arg","locations":[{"start":{"line":44,"column":30},"end":{"line":44,"column":59}}],"line":44},"12":{"loc":{"start":{"line":45,"column":2},"end":{"line":45,"column":51}},"type":"default-arg","locations":[{"start":{"line":45,"column":24},"end":{"line":45,"column":51}}],"line":45}},"s":{"0":1,"1":2,"2":1,"3":1,"4":1,"5":2,"6":1,"7":1,"8":1,"9":1,"10":1,"11":1,"12":2,"13":1,"14":1,"15":1,"16":4,"17":3,"18":1,"19":1,"20":0,"21":0,"22":0,"23":0,"24":0,"25":0},"f":{"0":2,"1":2,"2":1,"3":2,"4":4,"5":0},"b":{"0":[1,1],"1":[1,1],"2":[1,1],"3":[3,1],"4":[4,3,2],"5":[0],"6":[0],"7":[0],"8":[0],"9":[0],"10":[0],"11":[0],"12":[0]},"_coverageSchema":"43e27e138ebf9cfc5966b082cf9a028302ed4184","hash":"ab74ff0a9fc72867484eefc3c3ac9c0f350b0492"}
,"C:\\Users\\Wesley\\Desktop\\Projetos\\ianes\\constants.js": {"path":"C:\\Users\\Wesley\\Desktop\\Projetos\\ianes\\constants.js","statementMap":{"0":{"start":{"line":1,"column":36},"end":{"line":1,"column":54}},"1":{"start":{"line":2,"column":31},"end":{"line":2,"column":37}}},"fnMap":{},"branchMap":{},"s":{"0":1,"1":1},"f":{},"b":{},"_coverageSchema":"43e27e138ebf9cfc5966b082cf9a028302ed4184","hash":"efcef0cc5aa10f45fc792a78a4bace904e4d560c"}
,"C:\\Users\\Wesley\\Desktop\\Projetos\\ianes\\interceptors.js": {"path":"C:\\Users\\Wesley\\Desktop\\Projetos\\ianes\\interceptors.js","statementMap":{"0":{"start":{"line":9,"column":37},"end":{"line":25,"column":1}},"1":{"start":{"line":14,"column":2},"end":{"line":23,"column":4}},"2":{"start":{"line":17,"column":6},"end":{"line":17,"column":50}},"3":{"start":{"line":21,"column":6},"end":{"line":21,"column":39}},"4":{"start":{"line":24,"column":2},"end":{"line":24,"column":28}},"5":{"start":{"line":27,"column":38},"end":{"line":43,"column":1}},"6":{"start":{"line":32,"column":2},"end":{"line":41,"column":4}},"7":{"start":{"line":35,"column":6},"end":{"line":35,"column":49}},"8":{"start":{"line":39,"column":6},"end":{"line":39,"column":40}},"9":{"start":{"line":42,"column":2},"end":{"line":42,"column":28}}},"fnMap":{"0":{"name":"(anonymous_0)","decl":{"start":{"line":9,"column":37},"end":{"line":9,"column":38}},"loc":{"start":{"line":12,"column":5},"end":{"line":25,"column":1}},"line":12},"1":{"name":"(anonymous_1)","decl":{"start":{"line":15,"column":4},"end":{"line":15,"column":5}},"loc":{"start":{"line":15,"column":21},"end":{"line":18,"column":5}},"line":15},"2":{"name":"(anonymous_2)","decl":{"start":{"line":19,"column":4},"end":{"line":19,"column":5}},"loc":{"start":{"line":19,"column":20},"end":{"line":22,"column":5}},"line":19},"3":{"name":"(anonymous_3)","decl":{"start":{"line":27,"column":38},"end":{"line":27,"column":39}},"loc":{"start":{"line":30,"column":5},"end":{"line":43,"column":1}},"line":30},"4":{"name":"(anonymous_4)","decl":{"start":{"line":33,"column":4},"end":{"line":33,"column":5}},"loc":{"start":{"line":33,"column":23},"end":{"line":36,"column":5}},"line":33},"5":{"name":"(anonymous_5)","decl":{"start":{"line":37,"column":4},"end":{"line":37,"column":5}},"loc":{"start":{"line":37,"column":20},"end":{"line":40,"column":5}},"line":37}},"branchMap":{"0":{"loc":{"start":{"line":10,"column":2},"end":{"line":10,"column":69}},"type":"default-arg","locations":[{"start":{"line":10,"column":33},"end":{"line":10,"column":69}}],"line":10},"1":{"loc":{"start":{"line":11,"column":2},"end":{"line":11,"column":49}},"type":"default-arg","locations":[{"start":{"line":11,"column":23},"end":{"line":11,"column":49}}],"line":11},"2":{"loc":{"start":{"line":28,"column":2},"end":{"line":28,"column":59}},"type":"default-arg","locations":[{"start":{"line":28,"column":30},"end":{"line":28,"column":59}}],"line":28},"3":{"loc":{"start":{"line":29,"column":2},"end":{"line":29,"column":51}},"type":"default-arg","locations":[{"start":{"line":29,"column":24},"end":{"line":29,"column":51}}],"line":29}},"s":{"0":2,"1":1,"2":0,"3":0,"4":1,"5":2,"6":1,"7":0,"8":0,"9":1},"f":{"0":1,"1":0,"2":0,"3":1,"4":0,"5":0},"b":{"0":[1],"1":[1],"2":[1],"3":[1]},"_coverageSchema":"43e27e138ebf9cfc5966b082cf9a028302ed4184","hash":"cd1b9df91ddf0f16df848f0c0cd21e3cd9f74690"}
,"C:\\Users\\Wesley\\Desktop\\Projetos\\ianes\\requestHandlers.js": {"path":"C:\\Users\\Wesley\\Desktop\\Projetos\\ianes\\requestHandlers.js","statementMap":{"0":{"start":{"line":3,"column":52},"end":{"line":3,"column":75}},"1":{"start":{"line":3,"column":69},"end":{"line":3,"column":75}},"2":{"start":{"line":5,"column":42},"end":{"line":7,"column":26}},"3":{"start":{"line":7,"column":5},"end":{"line":7,"column":26}},"4":{"start":{"line":9,"column":45},"end":{"line":9,"column":77}},"5":{"start":{"line":9,"column":69},"end":{"line":9,"column":77}},"6":{"start":{"line":11,"column":43},"end":{"line":25,"column":1}},"7":{"start":{"line":12,"column":23},"end":{"line":12,"column":26}},"8":{"start":{"line":13,"column":2},"end":{"line":20,"column":3}},"9":{"start":{"line":14,"column":41},"end":{"line":14,"column":49}},"10":{"start":{"line":15,"column":4},"end":{"line":19,"column":7}},"11":{"start":{"line":21,"column":2},"end":{"line":24,"column":5}}},"fnMap":{"0":{"name":"(anonymous_0)","decl":{"start":{"line":3,"column":52},"end":{"line":3,"column":53}},"loc":{"start":{"line":3,"column":69},"end":{"line":3,"column":75}},"line":3},"1":{"name":"(anonymous_1)","decl":{"start":{"line":5,"column":42},"end":{"line":5,"column":43}},"loc":{"start":{"line":7,"column":5},"end":{"line":7,"column":26}},"line":7},"2":{"name":"(anonymous_2)","decl":{"start":{"line":9,"column":45},"end":{"line":9,"column":46}},"loc":{"start":{"line":9,"column":69},"end":{"line":9,"column":77}},"line":9},"3":{"name":"(anonymous_3)","decl":{"start":{"line":11,"column":43},"end":{"line":11,"column":44}},"loc":{"start":{"line":11,"column":52},"end":{"line":25,"column":1}},"line":11}},"branchMap":{"0":{"loc":{"start":{"line":3,"column":53},"end":{"line":3,"column":64}},"type":"default-arg","locations":[{"start":{"line":3,"column":62},"end":{"line":3,"column":64}}],"line":3},"1":{"loc":{"start":{"line":6,"column":2},"end":{"line":6,"column":52}},"type":"default-arg","locations":[{"start":{"line":6,"column":10},"end":{"line":6,"column":52}}],"line":6},"2":{"loc":{"start":{"line":9,"column":46},"end":{"line":9,"column":64}},"type":"default-arg","locations":[{"start":{"line":9,"column":52},"end":{"line":9,"column":64}}],"line":9},"3":{"loc":{"start":{"line":13,"column":2},"end":{"line":20,"column":3}},"type":"if","locations":[{"start":{"line":13,"column":2},"end":{"line":20,"column":3}},{"start":{"line":13,"column":2},"end":{"line":20,"column":3}}],"line":13}},"s":{"0":3,"1":1,"2":3,"3":1,"4":3,"5":1,"6":3,"7":2,"8":2,"9":1,"10":1,"11":1},"f":{"0":1,"1":1,"2":1,"3":2},"b":{"0":[1],"1":[1],"2":[1],"3":[1,1]},"_coverageSchema":"43e27e138ebf9cfc5966b082cf9a028302ed4184","hash":"9b7741cd25ad447088337f639866552cd037654a"}
,"C:\\Users\\Wesley\\Desktop\\Projetos\\ianes\\utils.js": {"path":"C:\\Users\\Wesley\\Desktop\\Projetos\\ianes\\utils.js","statementMap":{"0":{"start":{"line":1,"column":24},"end":{"line":1,"column":64}},"1":{"start":{"line":1,"column":36},"end":{"line":1,"column":64}},"2":{"start":{"line":3,"column":35},"end":{"line":6,"column":1}},"3":{"start":{"line":4,"column":2},"end":{"line":4,"column":76}},"4":{"start":{"line":4,"column":64},"end":{"line":4,"column":76}},"5":{"start":{"line":5,"column":2},"end":{"line":5,"column":15}}},"fnMap":{"0":{"name":"(anonymous_0)","decl":{"start":{"line":1,"column":24},"end":{"line":1,"column":25}},"loc":{"start":{"line":1,"column":36},"end":{"line":1,"column":64}},"line":1},"1":{"name":"(anonymous_1)","decl":{"start":{"line":3,"column":35},"end":{"line":3,"column":36}},"loc":{"start":{"line":3,"column":47},"end":{"line":6,"column":1}},"line":3}},"branchMap":{"0":{"loc":{"start":{"line":4,"column":2},"end":{"line":4,"column":76}},"type":"if","locations":[{"start":{"line":4,"column":2},"end":{"line":4,"column":76}},{"start":{"line":4,"column":2},"end":{"line":4,"column":76}}],"line":4},"1":{"loc":{"start":{"line":4,"column":6},"end":{"line":4,"column":62}},"type":"binary-expr","locations":[{"start":{"line":4,"column":6},"end":{"line":4,"column":16}},{"start":{"line":4,"column":20},"end":{"line":4,"column":37}},{"start":{"line":4,"column":41},"end":{"line":4,"column":62}}],"line":4}},"s":{"0":4,"1":5,"2":4,"3":4,"4":2,"5":2},"f":{"0":5,"1":4},"b":{"0":[2,2],"1":[4,2,2]},"_coverageSchema":"43e27e138ebf9cfc5966b082cf9a028302ed4184","hash":"f5b1775a3e2268815ec9cbbbf75370c586d432f2"}
}
