{"/Users/wesleyramalho/Desktop/Projects/request-handler/configFunctions.js": {"path":"/Users/wesleyramalho/Desktop/Projects/request-handler/configFunctions.js","statementMap":{"0":{"start":{"line":11,"column":26},"end":{"line":14,"column":1}},"1":{"start":{"line":12,"column":2},"end":{"line":12,"column":24}},"2":{"start":{"line":12,"column":12},"end":{"line":12,"column":24}},"3":{"start":{"line":13,"column":2},"end":{"line":13,"column":40}},"4":{"start":{"line":16,"column":38},"end":{"line":19,"column":1}},"5":{"start":{"line":17,"column":2},"end":{"line":17,"column":26}},"6":{"start":{"line":17,"column":14},"end":{"line":17,"column":26}},"7":{"start":{"line":18,"column":2},"end":{"line":18,"column":66}},"8":{"start":{"line":20,"column":40},"end":{"line":23,"column":1}},"9":{"start":{"line":21,"column":2},"end":{"line":21,"column":56}},"10":{"start":{"line":22,"column":2},"end":{"line":22,"column":58}},"11":{"start":{"line":25,"column":37},"end":{"line":28,"column":1}},"12":{"start":{"line":26,"column":2},"end":{"line":26,"column":32}},"13":{"start":{"line":26,"column":20},"end":{"line":26,"column":32}},"14":{"start":{"line":27,"column":2},"end":{"line":27,"column":69}},"15":{"start":{"line":30,"column":33},"end":{"line":33,"column":1}},"16":{"start":{"line":31,"column":2},"end":{"line":31,"column":80}},"17":{"start":{"line":31,"column":68},"end":{"line":31,"column":80}},"18":{"start":{"line":32,"column":2},"end":{"line":32,"column":44}},"19":{"start":{"line":35,"column":30},"end":{"line":51,"column":1}},"20":{"start":{"line":45,"column":2},"end":{"line":45,"column":21}},"21":{"start":{"line":46,"column":2},"end":{"line":46,"column":35}},"22":{"start":{"line":47,"column":2},"end":{"line":47,"column":44}},"23":{"start":{"line":48,"column":2},"end":{"line":48,"column":36}},"24":{"start":{"line":49,"column":2},"end":{"line":49,"column":74}},"25":{"start":{"line":50,"column":2},"end":{"line":50,"column":73}}},"fnMap":{"0":{"name":"(anonymous_0)","decl":{"start":{"line":11,"column":26},"end":{"line":11,"column":27}},"loc":{"start":{"line":11,"column":33},"end":{"line":14,"column":1}},"line":11},"1":{"name":"(anonymous_1)","decl":{"start":{"line":16,"column":38},"end":{"line":16,"column":39}},"loc":{"start":{"line":16,"column":47},"end":{"line":19,"column":1}},"line":16},"2":{"name":"(anonymous_2)","decl":{"start":{"line":20,"column":40},"end":{"line":20,"column":41}},"loc":{"start":{"line":20,"column":46},"end":{"line":23,"column":1}},"line":20},"3":{"name":"(anonymous_3)","decl":{"start":{"line":25,"column":37},"end":{"line":25,"column":38}},"loc":{"start":{"line":25,"column":52},"end":{"line":28,"column":1}},"line":25},"4":{"name":"(anonymous_4)","decl":{"start":{"line":30,"column":33},"end":{"line":30,"column":34}},"loc":{"start":{"line":30,"column":44},"end":{"line":33,"column":1}},"line":30},"5":{"name":"(anonymous_5)","decl":{"start":{"line":35,"column":30},"end":{"line":35,"column":31}},"loc":{"start":{"line":44,"column":6},"end":{"line":51,"column":1}},"line":44}},"branchMap":{"0":{"loc":{"start":{"line":12,"column":2},"end":{"line":12,"column":24}},"type":"if","locations":[{"start":{"line":12,"column":2},"end":{"line":12,"column":24}},{"start":{"line":12,"column":2},"end":{"line":12,"column":24}}],"line":12},"1":{"loc":{"start":{"line":17,"column":2},"end":{"line":17,"column":26}},"type":"if","locations":[{"start":{"line":17,"column":2},"end":{"line":17,"column":26}},{"start":{"line":17,"column":2},"end":{"line":17,"column":26}}],"line":17},"2":{"loc":{"start":{"line":26,"column":2},"end":{"line":26,"column":32}},"type":"if","locations":[{"start":{"line":26,"column":2},"end":{"line":26,"column":32}},{"start":{"line":26,"column":2},"end":{"line":26,"column":32}}],"line":26},"3":{"loc":{"start":{"line":31,"column":2},"end":{"line":31,"column":80}},"type":"if","locations":[{"start":{"line":31,"column":2},"end":{"line":31,"column":80}},{"start":{"line":31,"column":2},"end":{"line":31,"column":80}}],"line":31},"4":{"loc":{"start":{"line":31,"column":6},"end":{"line":31,"column":66}},"type":"binary-expr","locations":[{"start":{"line":31,"column":6},"end":{"line":31,"column":14}},{"start":{"line":31,"column":18},"end":{"line":31,"column":36}},{"start":{"line":31,"column":40},"end":{"line":31,"column":66}}],"line":31},"5":{"loc":{"start":{"line":36,"column":2},"end":{"line":36,"column":13}},"type":"default-arg","locations":[{"start":{"line":36,"column":11},"end":{"line":36,"column":13}}],"line":36},"6":{"loc":{"start":{"line":37,"column":2},"end":{"line":37,"column":15}},"type":"default-arg","locations":[{"start":{"line":37,"column":13},"end":{"line":37,"column":15}}],"line":37},"7":{"loc":{"start":{"line":38,"column":2},"end":{"line":38,"column":43}},"type":"default-arg","locations":[{"start":{"line":38,"column":23},"end":{"line":38,"column":43}}],"line":38},"8":{"loc":{"start":{"line":39,"column":2},"end":{"line":39,"column":34}},"type":"default-arg","locations":[{"start":{"line":39,"column":19},"end":{"line":39,"column":34}}],"line":39},"9":{"loc":{"start":{"line":40,"column":2},"end":{"line":40,"column":69}},"type":"default-arg","locations":[{"start":{"line":40,"column":33},"end":{"line":40,"column":69}}],"line":40},"10":{"loc":{"start":{"line":41,"column":2},"end":{"line":41,"column":49}},"type":"default-arg","locations":[{"start":{"line":41,"column":23},"end":{"line":41,"column":49}}],"line":41},"11":{"loc":{"start":{"line":42,"column":2},"end":{"line":42,"column":59}},"type":"default-arg","locations":[{"start":{"line":42,"column":30},"end":{"line":42,"column":59}}],"line":42},"12":{"loc":{"start":{"line":43,"column":2},"end":{"line":43,"column":51}},"type":"default-arg","locations":[{"start":{"line":43,"column":24},"end":{"line":43,"column":51}}],"line":43}},"s":{"0":1,"1":2,"2":1,"3":1,"4":1,"5":2,"6":1,"7":1,"8":1,"9":1,"10":1,"11":1,"12":2,"13":1,"14":1,"15":1,"16":4,"17":3,"18":1,"19":1,"20":0,"21":0,"22":0,"23":0,"24":0,"25":0},"f":{"0":2,"1":2,"2":1,"3":2,"4":4,"5":0},"b":{"0":[1,1],"1":[1,1],"2":[1,1],"3":[3,1],"4":[4,3,2],"5":[0],"6":[0],"7":[0],"8":[0],"9":[0],"10":[0],"11":[0],"12":[0]},"_coverageSchema":"43e27e138ebf9cfc5966b082cf9a028302ed4184","hash":"9b263298f12d69c73d32fc1600cefcb1dc9958f6"}
,"/Users/wesleyramalho/Desktop/Projects/request-handler/constants.js": {"path":"/Users/wesleyramalho/Desktop/Projects/request-handler/constants.js","statementMap":{"0":{"start":{"line":1,"column":36},"end":{"line":1,"column":54}},"1":{"start":{"line":2,"column":31},"end":{"line":2,"column":37}}},"fnMap":{},"branchMap":{},"s":{"0":1,"1":1},"f":{},"b":{},"_coverageSchema":"43e27e138ebf9cfc5966b082cf9a028302ed4184","hash":"1455ad03bcf6744f42f3971e544585bcc2809fe8"}
,"/Users/wesleyramalho/Desktop/Projects/request-handler/interceptors.js": {"path":"/Users/wesleyramalho/Desktop/Projects/request-handler/interceptors.js","statementMap":{"0":{"start":{"line":10,"column":37},"end":{"line":25,"column":1}},"1":{"start":{"line":15,"column":2},"end":{"line":24,"column":4}},"2":{"start":{"line":18,"column":6},"end":{"line":18,"column":50}},"3":{"start":{"line":22,"column":6},"end":{"line":22,"column":39}},"4":{"start":{"line":27,"column":38},"end":{"line":42,"column":1}},"5":{"start":{"line":32,"column":2},"end":{"line":41,"column":4}},"6":{"start":{"line":35,"column":6},"end":{"line":35,"column":49}},"7":{"start":{"line":39,"column":6},"end":{"line":39,"column":40}}},"fnMap":{"0":{"name":"(anonymous_0)","decl":{"start":{"line":10,"column":37},"end":{"line":10,"column":38}},"loc":{"start":{"line":13,"column":5},"end":{"line":25,"column":1}},"line":13},"1":{"name":"(anonymous_1)","decl":{"start":{"line":16,"column":4},"end":{"line":16,"column":5}},"loc":{"start":{"line":16,"column":21},"end":{"line":19,"column":5}},"line":16},"2":{"name":"(anonymous_2)","decl":{"start":{"line":20,"column":4},"end":{"line":20,"column":5}},"loc":{"start":{"line":20,"column":20},"end":{"line":23,"column":5}},"line":20},"3":{"name":"(anonymous_3)","decl":{"start":{"line":27,"column":38},"end":{"line":27,"column":39}},"loc":{"start":{"line":30,"column":5},"end":{"line":42,"column":1}},"line":30},"4":{"name":"(anonymous_4)","decl":{"start":{"line":33,"column":4},"end":{"line":33,"column":5}},"loc":{"start":{"line":33,"column":23},"end":{"line":36,"column":5}},"line":33},"5":{"name":"(anonymous_5)","decl":{"start":{"line":37,"column":4},"end":{"line":37,"column":5}},"loc":{"start":{"line":37,"column":20},"end":{"line":40,"column":5}},"line":37}},"branchMap":{"0":{"loc":{"start":{"line":11,"column":2},"end":{"line":11,"column":69}},"type":"default-arg","locations":[{"start":{"line":11,"column":33},"end":{"line":11,"column":69}}],"line":11},"1":{"loc":{"start":{"line":12,"column":2},"end":{"line":12,"column":49}},"type":"default-arg","locations":[{"start":{"line":12,"column":23},"end":{"line":12,"column":49}}],"line":12},"2":{"loc":{"start":{"line":28,"column":2},"end":{"line":28,"column":59}},"type":"default-arg","locations":[{"start":{"line":28,"column":30},"end":{"line":28,"column":59}}],"line":28},"3":{"loc":{"start":{"line":29,"column":2},"end":{"line":29,"column":51}},"type":"default-arg","locations":[{"start":{"line":29,"column":24},"end":{"line":29,"column":51}}],"line":29}},"s":{"0":1,"1":0,"2":0,"3":0,"4":1,"5":0,"6":0,"7":0},"f":{"0":0,"1":0,"2":0,"3":0,"4":0,"5":0},"b":{"0":[0],"1":[0],"2":[0],"3":[0]},"_coverageSchema":"43e27e138ebf9cfc5966b082cf9a028302ed4184","hash":"334c4f000fb23c23785a0c0745b22d703fc6755e"}
,"/Users/wesleyramalho/Desktop/Projects/request-handler/requestHandlers.js": {"path":"/Users/wesleyramalho/Desktop/Projects/request-handler/requestHandlers.js","statementMap":{"0":{"start":{"line":2,"column":2},"end":{"line":2,"column":76}},"1":{"start":{"line":2,"column":64},"end":{"line":2,"column":76}},"2":{"start":{"line":3,"column":2},"end":{"line":3,"column":15}},"3":{"start":{"line":6,"column":52},"end":{"line":6,"column":68}},"4":{"start":{"line":6,"column":62},"end":{"line":6,"column":68}},"5":{"start":{"line":8,"column":42},"end":{"line":8,"column":72}},"6":{"start":{"line":8,"column":51},"end":{"line":8,"column":72}},"7":{"start":{"line":10,"column":45},"end":{"line":12,"column":1}},"8":{"start":{"line":11,"column":2},"end":{"line":11,"column":18}},"9":{"start":{"line":14,"column":43},"end":{"line":27,"column":1}},"10":{"start":{"line":15,"column":23},"end":{"line":15,"column":26}},"11":{"start":{"line":16,"column":2},"end":{"line":22,"column":3}},"12":{"start":{"line":17,"column":35},"end":{"line":17,"column":43}},"13":{"start":{"line":18,"column":4},"end":{"line":21,"column":7}},"14":{"start":{"line":23,"column":2},"end":{"line":26,"column":5}}},"fnMap":{"0":{"name":"hasCompleteResponse","decl":{"start":{"line":1,"column":9},"end":{"line":1,"column":28}},"loc":{"start":{"line":1,"column":39},"end":{"line":4,"column":1}},"line":1},"1":{"name":"(anonymous_1)","decl":{"start":{"line":6,"column":52},"end":{"line":6,"column":53}},"loc":{"start":{"line":6,"column":62},"end":{"line":6,"column":68}},"line":6},"2":{"name":"(anonymous_2)","decl":{"start":{"line":8,"column":42},"end":{"line":8,"column":43}},"loc":{"start":{"line":8,"column":51},"end":{"line":8,"column":72}},"line":8},"3":{"name":"(anonymous_3)","decl":{"start":{"line":10,"column":45},"end":{"line":10,"column":46}},"loc":{"start":{"line":10,"column":52},"end":{"line":12,"column":1}},"line":10},"4":{"name":"(anonymous_4)","decl":{"start":{"line":14,"column":43},"end":{"line":14,"column":44}},"loc":{"start":{"line":14,"column":50},"end":{"line":27,"column":1}},"line":14}},"branchMap":{"0":{"loc":{"start":{"line":2,"column":2},"end":{"line":2,"column":76}},"type":"if","locations":[{"start":{"line":2,"column":2},"end":{"line":2,"column":76}},{"start":{"line":2,"column":2},"end":{"line":2,"column":76}}],"line":2},"1":{"loc":{"start":{"line":2,"column":6},"end":{"line":2,"column":62}},"type":"binary-expr","locations":[{"start":{"line":2,"column":6},"end":{"line":2,"column":16}},{"start":{"line":2,"column":20},"end":{"line":2,"column":37}},{"start":{"line":2,"column":41},"end":{"line":2,"column":62}}],"line":2},"2":{"loc":{"start":{"line":16,"column":2},"end":{"line":22,"column":3}},"type":"if","locations":[{"start":{"line":16,"column":2},"end":{"line":22,"column":3}},{"start":{"line":16,"column":2},"end":{"line":22,"column":3}}],"line":16}},"s":{"0":0,"1":0,"2":0,"3":1,"4":0,"5":1,"6":0,"7":1,"8":0,"9":1,"10":0,"11":0,"12":0,"13":0,"14":0},"f":{"0":0,"1":0,"2":0,"3":0,"4":0},"b":{"0":[0,0],"1":[0,0,0],"2":[0,0]},"_coverageSchema":"43e27e138ebf9cfc5966b082cf9a028302ed4184","hash":"c7313419188b7b5a2926a68416c1998dfb86f639"}
,"/Users/wesleyramalho/Desktop/Projects/request-handler/utils.js": {"path":"/Users/wesleyramalho/Desktop/Projects/request-handler/utils.js","statementMap":{"0":{"start":{"line":1,"column":24},"end":{"line":1,"column":64}},"1":{"start":{"line":1,"column":36},"end":{"line":1,"column":64}}},"fnMap":{"0":{"name":"(anonymous_0)","decl":{"start":{"line":1,"column":24},"end":{"line":1,"column":25}},"loc":{"start":{"line":1,"column":36},"end":{"line":1,"column":64}},"line":1}},"branchMap":{},"s":{"0":2,"1":5},"f":{"0":5},"b":{},"_coverageSchema":"43e27e138ebf9cfc5966b082cf9a028302ed4184","hash":"0612497aaf1c7c4521c0abd90fe2372b2d96e84b"}
}
