TN:
SF:/Users/wesleyramalho/Desktop/Projects/request-handler/configFunctions.js
FN:12,(anonymous_0)
FN:17,(anonymous_1)
FN:22,(anonymous_2)
FN:27,(anonymous_3)
FN:32,(anonymous_4)
FN:37,(anonymous_5)
FNF:6
FNH:5
FNDA:2,(anonymous_0)
FNDA:2,(anonymous_1)
FNDA:1,(anonymous_2)
FNDA:2,(anonymous_3)
FNDA:4,(anonymous_4)
FNDA:0,(anonymous_5)
DA:12,1
DA:13,2
DA:14,1
DA:17,1
DA:18,2
DA:19,1
DA:22,1
DA:23,1
DA:24,1
DA:27,1
DA:28,2
DA:29,1
DA:32,1
DA:33,4
DA:34,1
DA:37,1
DA:47,0
DA:48,0
DA:49,0
DA:50,0
DA:51,0
DA:52,0
LF:22
LH:16
BRDA:13,0,0,1
BRDA:13,0,1,1
BRDA:18,1,0,1
BRDA:18,1,1,1
BRDA:28,2,0,1
BRDA:28,2,1,1
BRDA:33,3,0,3
BRDA:33,3,1,1
BRDA:33,4,0,4
BRDA:33,4,1,3
BRDA:33,4,2,2
BRDA:38,5,0,0
BRDA:39,6,0,0
BRDA:40,7,0,0
BRDA:41,8,0,0
BRDA:42,9,0,0
BRDA:43,10,0,0
BRDA:44,11,0,0
BRDA:45,12,0,0
BRF:19
BRH:11
end_of_record
TN:
SF:/Users/wesleyramalho/Desktop/Projects/request-handler/constants.js
FNF:0
FNH:0
DA:1,1
DA:2,1
LF:2
LH:2
BRF:0
BRH:0
end_of_record
TN:
SF:/Users/wesleyramalho/Desktop/Projects/request-handler/interceptors.js
FN:10,(anonymous_0)
FN:16,(anonymous_1)
FN:20,(anonymous_2)
FN:27,(anonymous_3)
FN:33,(anonymous_4)
FN:37,(anonymous_5)
FNF:6
FNH:0
FNDA:0,(anonymous_0)
FNDA:0,(anonymous_1)
FNDA:0,(anonymous_2)
FNDA:0,(anonymous_3)
FNDA:0,(anonymous_4)
FNDA:0,(anonymous_5)
DA:10,1
DA:15,0
DA:18,0
DA:22,0
DA:27,1
DA:32,0
DA:35,0
DA:39,0
LF:8
LH:2
BRDA:11,0,0,0
BRDA:12,1,0,0
BRDA:28,2,0,0
BRDA:29,3,0,0
BRF:4
BRH:0
end_of_record
TN:
SF:/Users/wesleyramalho/Desktop/Projects/request-handler/requestHandlers.js
FN:3,(anonymous_0)
FN:5,(anonymous_1)
FN:9,(anonymous_2)
FN:11,(anonymous_3)
FNF:4
FNH:4
FNDA:1,(anonymous_0)
FNDA:1,(anonymous_1)
FNDA:1,(anonymous_2)
FNDA:2,(anonymous_3)
DA:3,2
DA:5,2
DA:7,1
DA:9,2
DA:11,2
DA:12,2
DA:13,2
DA:14,1
DA:15,1
DA:21,1
LF:10
LH:10
BRDA:3,0,0,1
BRDA:6,1,0,1
BRDA:9,2,0,1
BRDA:13,3,0,1
BRDA:13,3,1,1
BRF:5
BRH:5
end_of_record
TN:
SF:/Users/wesleyramalho/Desktop/Projects/request-handler/utils.js
FN:1,(anonymous_0)
FN:3,(anonymous_1)
FNF:2
FNH:2
FNDA:5,(anonymous_0)
FNDA:4,(anonymous_1)
DA:1,5
DA:3,3
DA:4,4
DA:5,2
LF:4
LH:4
BRDA:4,0,0,2
BRDA:4,0,1,2
BRDA:4,1,0,4
BRDA:4,1,1,2
BRDA:4,1,2,2
BRF:5
BRH:5
end_of_record
